<?xml version="1.0" encoding="UTF-8"?>
<testsuite name="model.CategoryGraphTest" tests="1" skipped="0" failures="0" errors="0" timestamp="2023-05-18T17:17:39" hostname="juanzan-mac.local" time="0.008">
  <properties/>
  <testcase name="nodeNotFoundException" classname="model.CategoryGraphTest" time="0.008"/>
  <system-out><![CDATA[]]></system-out>
  <system-err><![CDATA[]]></system-err>
</testsuite>
